<?xml version="1.0" encoding="UTF-8"?>
<!-- Generated by org.testng.reporters.JUnitXMLReporter -->
<testsuite ignored="0" hostname="DESKTOP-VTQ3T3E" failures="0" tests="5" name="Default test" time="23.259" errors="0" timestamp="2025-07-28T23:34:34 IST">
  <testcase classname="tests.AutomationTest" name="clickInspirationTabOnly" time="7.628"/>
  <testcase classname="tests.AutomationTest" name="testColourCombinationsPage" time="1.405"/>
  <testcase classname="tests.AutomationTest" name="testCelebrityHomesPage" time="1.292"/>
  <testcase classname="tests.AutomationTest" name="testColourOfTheYearPage" time="3.163"/>
  <testcase classname="tests.AutomationTest" name="testInspirationSubModulesFailing" time="4.996"/>
</testsuite> <!-- Default test -->
