<?xml version="1.0" encoding="UTF-8"?>
<!-- Generated by org.testng.reporters.JUnitXMLReporter -->
<testsuite ignored="0" hostname="DESKTOP-VTQ3T3E" failures="1" tests="5" name="Firefox Test" time="34.219" errors="0" timestamp="2025-07-28T23:46:24 IST">
  <testcase classname="tests.AutomationTest" name="clickInspirationTabOnly" time="4.774">
    <failure type="org.openqa.selenium.ElementClickInterceptedException" message="Element &amp;lt;a class=&amp;quot;track_section anchor-main&amp;quot;&amp;gt; is not clickable at point (954,150) because another element &amp;lt;picture class=&amp;quot;right-image&amp;quot;&amp;gt; obscures it
Build info: version: &amp;apos;4.21.0&amp;apos;, revision: &amp;apos;79ed462ef4&amp;apos;
System info: os.name: &amp;apos;Windows 11&amp;apos;, os.arch: &amp;apos;amd64&amp;apos;, os.version: &amp;apos;10.0&amp;apos;, java.version: &amp;apos;21.0.7&amp;apos;
Driver info: org.openqa.selenium.firefox.FirefoxDriver
Command: [996f7dbf-8ec0-4a39-a729-f77684bd4c16, clickElement {id=80a3aacd-f974-45ab-8573-8e4871c0255d}]
Capabilities {acceptInsecureCerts: true, browserName: firefox, browserVersion: 141.0, moz:accessibilityChecks: false, moz:buildID: 20250717180000, moz:geckodriverVersion: 0.36.0, moz:headless: false, moz:platformVersion: 10.0, moz:processID: 11588, moz:profile: C:\Users\priya\AppData\Loca..., moz:shutdownTimeout: 60000, moz:webdriverClick: true, moz:windowless: false, pageLoadStrategy: normal, platformName: windows, proxy: Proxy(), setWindowRect: true, strictFileInteractability: false, timeouts: {implicit: 0, pageLoad: 300000, script: 30000}, unhandledPromptBehavior: dismiss and notify, userAgent: Mozilla/5.0 (Windows NT 10....}
Element: [[FirefoxDriver: firefox on windows (996f7dbf-8ec0-4a39-a729-f77684bd4c16)] -&amp;gt; xpath: //a[@data-target=&amp;apos;#Inspiration&amp;apos;]]
Session ID: 996f7dbf-8ec0-4a39-a729-f77684bd4c16">
      <![CDATA[org.openqa.selenium.ElementClickInterceptedException: Element <a class="track_section anchor-main"> is not clickable at point (954,150) because another element <picture class="right-image"> obscures it
Build info: version: '4.21.0', revision: '79ed462ef4'
System info: os.name: 'Windows 11', os.arch: 'amd64', os.version: '10.0', java.version: '21.0.7'
Driver info: org.openqa.selenium.firefox.FirefoxDriver
Command: [996f7dbf-8ec0-4a39-a729-f77684bd4c16, clickElement {id=80a3aacd-f974-45ab-8573-8e4871c0255d}]
Capabilities {acceptInsecureCerts: true, browserName: firefox, browserVersion: 141.0, moz:accessibilityChecks: false, moz:buildID: 20250717180000, moz:geckodriverVersion: 0.36.0, moz:headless: false, moz:platformVersion: 10.0, moz:processID: 11588, moz:profile: C:\Users\priya\AppData\Loca..., moz:shutdownTimeout: 60000, moz:webdriverClick: true, moz:windowless: false, pageLoadStrategy: normal, platformName: windows, proxy: Proxy(), setWindowRect: true, strictFileInteractability: false, timeouts: {implicit: 0, pageLoad: 300000, script: 30000}, unhandledPromptBehavior: dismiss and notify, userAgent: Mozilla/5.0 (Windows NT 10....}
Element: [[FirefoxDriver: firefox on windows (996f7dbf-8ec0-4a39-a729-f77684bd4c16)] -> xpath: //a[@data-target='#Inspiration']]
Session ID: 996f7dbf-8ec0-4a39-a729-f77684bd4c16
at org.openqa.selenium.remote.ErrorCodec.decode(ErrorCodec.java:167)
at org.openqa.selenium.remote.codec.w3c.W3CHttpResponseCodec.decode(W3CHttpResponseCodec.java:138)
at org.openqa.selenium.remote.codec.w3c.W3CHttpResponseCodec.decode(W3CHttpResponseCodec.java:50)
at org.openqa.selenium.remote.HttpCommandExecutor.execute(HttpCommandExecutor.java:190)
at org.openqa.selenium.remote.service.DriverCommandExecutor.invokeExecute(DriverCommandExecutor.java:216)
at org.openqa.selenium.remote.service.DriverCommandExecutor.execute(DriverCommandExecutor.java:174)
at org.openqa.selenium.remote.RemoteWebDriver.execute(RemoteWebDriver.java:518)
at org.openqa.selenium.remote.RemoteWebElement.execute(RemoteWebElement.java:223)
at org.openqa.selenium.remote.RemoteWebElement.click(RemoteWebElement.java:76)
at pages.HomePage.clickInspirationTab(HomePage.java:14)
at tests.AutomationTest.clickInspirationTabOnly(AutomationTest.java:43)
at java.base/java.util.ArrayList.forEach(ArrayList.java:1596)
at java.base/java.util.concurrent.FutureTask.run(FutureTask.java:317)
at java.base/java.util.concurrent.ThreadPoolExecutor.runWorker(ThreadPoolExecutor.java:1144)
at java.base/java.util.concurrent.ThreadPoolExecutor$Worker.run(ThreadPoolExecutor.java:642)
at java.base/java.lang.Thread.run(Thread.java:1583)
... Removed 18 stack frames]]>
    </failure>
  </testcase> <!-- clickInspirationTabOnly -->
  <testcase classname="tests.AutomationTest" name="testColourCombinationsPage" time="3.371"/>
  <testcase classname="tests.AutomationTest" name="testCelebrityHomesPage" time="1.509"/>
  <testcase classname="tests.AutomationTest" name="testColourOfTheYearPage" time="2.768"/>
  <testcase classname="tests.AutomationTest" name="testInspirationSubModulesFailing" time="6.434"/>
</testsuite> <!-- Firefox Test -->
